2018-09-25 16:50:42,141 INFO o.a.j.u.JMeterUtils: Setting Locale to en_CA
2018-09-25 16:50:42,170 INFO o.a.j.JMeter: Loading user properties from: user.properties
2018-09-25 16:50:42,170 INFO o.a.j.JMeter: Loading system properties from: system.properties
2018-09-25 16:50:42,176 INFO o.a.j.JMeter: Copyright (c) 1998-2018 The Apache Software Foundation
2018-09-25 16:50:42,177 INFO o.a.j.JMeter: Version 5.0 r1840935
2018-09-25 16:50:42,177 INFO o.a.j.JMeter: java.version=10.0.2
2018-09-25 16:50:42,177 INFO o.a.j.JMeter: java.vm.name=Java HotSpot(TM) 64-Bit Server VM
2018-09-25 16:50:42,177 INFO o.a.j.JMeter: os.name=Mac OS X
2018-09-25 16:50:42,177 INFO o.a.j.JMeter: os.arch=x86_64
2018-09-25 16:50:42,177 INFO o.a.j.JMeter: os.version=10.13.6
2018-09-25 16:50:42,177 INFO o.a.j.JMeter: file.encoding=UTF-8
2018-09-25 16:50:42,177 INFO o.a.j.JMeter: Max memory     =4294967296
2018-09-25 16:50:42,178 INFO o.a.j.JMeter: Available Processors =8
2018-09-25 16:50:42,187 INFO o.a.j.JMeter: Default Locale=English (Canada)
2018-09-25 16:50:42,187 INFO o.a.j.JMeter: JMeter  Locale=English (Canada)
2018-09-25 16:50:42,187 INFO o.a.j.JMeter: JMeterHome=/Users/daniel/Downloads/apache-jmeter-5.0
2018-09-25 16:50:42,187 INFO o.a.j.JMeter: user.dir  =/Users/daniel/Downloads/apache-jmeter-5.0/bin
2018-09-25 16:50:42,187 INFO o.a.j.JMeter: PWD       =/Users/daniel/Downloads/apache-jmeter-5.0/bin
2018-09-25 16:50:42,189 INFO o.a.j.JMeter: IP: 130.63.254.43 Name: Daniels-MacBook-Pro.local FullName: 130.63.254.43
2018-09-25 16:50:44,612 INFO o.a.j.g.a.LookAndFeelCommand: Installing Darcula LAF
2018-09-25 16:50:44,619 INFO o.a.j.g.a.LookAndFeelCommand: Using look and feel: com.bulenkov.darcula.DarculaLaf [Darcula]
2018-09-25 16:50:44,619 INFO o.a.j.JMeter: Setting LAF to: com.bulenkov.darcula.DarculaLaf
2018-09-25 16:50:44,744 INFO o.a.j.JMeter: Loaded icon properties from org/apache/jmeter/images/icon.properties
2018-09-25 16:50:45,166 INFO o.a.j.e.u.CompoundVariable: Note: Function class names must contain the string: '.functions.'
2018-09-25 16:50:45,166 INFO o.a.j.e.u.CompoundVariable: Note: Function class names must not contain the string: '.gui.'
2018-09-25 16:50:46,726 INFO o.a.j.p.h.s.HTTPSamplerBase: Parser for text/html is org.apache.jmeter.protocol.http.parser.LagartoBasedHtmlParser
2018-09-25 16:50:46,727 INFO o.a.j.p.h.s.HTTPSamplerBase: Parser for application/xhtml+xml is org.apache.jmeter.protocol.http.parser.LagartoBasedHtmlParser
2018-09-25 16:50:46,727 INFO o.a.j.p.h.s.HTTPSamplerBase: Parser for application/xml is org.apache.jmeter.protocol.http.parser.LagartoBasedHtmlParser
2018-09-25 16:50:46,728 INFO o.a.j.p.h.s.HTTPSamplerBase: Parser for text/xml is org.apache.jmeter.protocol.http.parser.LagartoBasedHtmlParser
2018-09-25 16:50:46,728 INFO o.a.j.p.h.s.HTTPSamplerBase: Parser for text/vnd.wap.wml is org.apache.jmeter.protocol.http.parser.RegexpHTMLParser
2018-09-25 16:50:46,728 INFO o.a.j.p.h.s.HTTPSamplerBase: Parser for text/css is org.apache.jmeter.protocol.http.parser.CssParser
2018-09-25 16:50:47,266 INFO o.a.j.e.KeyToolUtils: keytool found at 'keytool'
2018-09-25 16:50:47,267 INFO o.a.j.p.h.p.ProxyControl: HTTP(S) Test Script Recorder SSL Proxy will use keys that support embedded 3rd party resources in file /Users/daniel/Downloads/apache-jmeter-5.0/bin/proxyserver.jks
2018-09-25 16:50:47,433 INFO o.a.j.s.FileServer: Default base='/Users/daniel/Downloads/apache-jmeter-5.0/bin'
2018-09-25 16:50:47,781 INFO o.a.j.s.SampleResult: Note: Sample TimeStamps are START times
2018-09-25 16:50:47,782 INFO o.a.j.s.SampleResult: sampleresult.default.encoding is set to ISO-8859-1
2018-09-25 16:50:47,782 INFO o.a.j.s.SampleResult: sampleresult.useNanoTime=true
2018-09-25 16:50:47,782 INFO o.a.j.s.SampleResult: sampleresult.nanoThreadSleep=5000
2018-09-25 16:52:59,161 INFO o.a.j.s.FileServer: Set new base='/Users/daniel/Desktop/workspace/AdaptiveSoftwareDevelopment'
2018-09-25 16:52:59,289 INFO o.a.j.s.SaveService: Testplan (JMX) version: 2.2. Testlog (JTL) version: 2.2
2018-09-25 16:52:59,310 INFO o.a.j.s.SaveService: Using SaveService properties version 5.0
2018-09-25 16:52:59,311 INFO o.a.j.s.SaveService: Using SaveService properties file encoding UTF-8
2018-09-25 16:53:20,546 INFO o.a.j.g.a.Load: Loading file: /Users/daniel/Desktop/workspace/AdaptiveSoftwareDevelopment/AdaptiveSoftwareDevelopment.jmx
2018-09-25 16:53:20,547 INFO o.a.j.s.FileServer: Set new base='/Users/daniel/Desktop/workspace/AdaptiveSoftwareDevelopment'
2018-09-25 16:53:20,547 INFO o.a.j.s.SaveService: Loading file: /Users/daniel/Desktop/workspace/AdaptiveSoftwareDevelopment/AdaptiveSoftwareDevelopment.jmx
2018-09-25 16:53:20,550 WARN o.a.j.g.a.Load: Error in XML format. com.thoughtworks.xstream.io.StreamException: Cannot create XmlPullParser
2018-09-25 16:53:25,781 INFO o.a.j.g.a.Load: Loading file: /Users/daniel/Desktop/workspace/AdaptiveSoftwareDevelopment/AdaptiveSoftwareDevelopment.jmx
2018-09-25 16:53:25,781 INFO o.a.j.s.FileServer: Set new base='/Users/daniel/Desktop/workspace/AdaptiveSoftwareDevelopment'
2018-09-25 16:53:25,781 INFO o.a.j.s.SaveService: Loading file: /Users/daniel/Desktop/workspace/AdaptiveSoftwareDevelopment/AdaptiveSoftwareDevelopment.jmx
2018-09-25 16:53:25,782 WARN o.a.j.g.a.Load: Error in XML format. com.thoughtworks.xstream.io.StreamException: Cannot create XmlPullParser
2018-09-25 16:53:39,100 INFO o.a.j.g.a.Load: Loading file: /Users/daniel/Desktop/workspace/AdaptiveSoftwareDevelopment/AdaptiveSoftwareDevelopment.jmx
2018-09-25 16:53:39,101 INFO o.a.j.s.FileServer: Set new base='/Users/daniel/Desktop/workspace/AdaptiveSoftwareDevelopment'
2018-09-25 16:53:39,101 INFO o.a.j.s.SaveService: Loading file: /Users/daniel/Desktop/workspace/AdaptiveSoftwareDevelopment/AdaptiveSoftwareDevelopment.jmx
2018-09-25 16:53:39,101 WARN o.a.j.g.a.Load: Error in XML format. com.thoughtworks.xstream.io.StreamException: Cannot create XmlPullParser
2018-09-25 16:54:04,680 INFO o.a.j.s.FileServer: Set new base='/Users/daniel/Desktop/workspace/AdaptiveSoftwareDevelopment'
2018-09-25 17:02:39,507 WARN o.a.j.r.ResultCollector: /Users/daniel/Desktop/workspace/AdaptiveSoftwareDevelopment/logfile is empty
2018-09-25 17:03:19,428 WARN o.a.j.r.ResultCollector: /Users/daniel/Desktop/workspace/AdaptiveSoftwareDevelopment/logfile.csv is empty
2018-09-25 17:03:25,116 WARN o.a.j.r.ResultCollector: /Users/daniel/Desktop/workspace/AdaptiveSoftwareDevelopment/logfile.csv is empty
2018-09-25 17:04:00,934 INFO o.a.j.s.FileServer: Set new base='/Users/daniel/Desktop/workspace/AdaptiveSoftwareDevelopment'
2018-09-25 17:04:10,013 INFO o.a.j.e.StandardJMeterEngine: Running the test!
2018-09-25 17:04:10,014 INFO o.a.j.s.SampleEvent: List of sample_variables: []
2018-09-25 17:04:10,014 INFO o.a.j.s.SampleEvent: List of sample_variables: []
2018-09-25 17:04:10,020 INFO o.a.j.g.u.JMeterMenuBar: setRunning(true, *local*)
2018-09-25 17:04:10,075 INFO o.a.j.e.StandardJMeterEngine: Starting ThreadGroup: 1 : Thread Group
2018-09-25 17:04:10,075 INFO o.a.j.e.StandardJMeterEngine: Starting 50 threads for group Thread Group.
2018-09-25 17:04:10,075 INFO o.a.j.e.StandardJMeterEngine: Thread will continue on error
2018-09-25 17:04:10,075 INFO o.a.j.t.ThreadGroup: Starting thread group... number=1 threads=50 ramp-up=10 perThread=200.0 delayedStart=false
2018-09-25 17:04:10,080 INFO o.a.j.t.JMeterThread: Thread started: Thread Group 1-1
2018-09-25 17:04:10,104 INFO o.a.j.p.h.s.HTTPHCAbstractImpl: Local host = Daniels-MacBook-Pro.local
2018-09-25 17:04:10,107 INFO o.a.j.t.ThreadGroup: Started thread group number 1
2018-09-25 17:04:10,107 INFO o.a.j.e.StandardJMeterEngine: All thread groups have been started
2018-09-25 17:04:10,111 INFO o.a.j.p.h.s.HTTPHC4Impl: HTTP request retry count = 0
2018-09-25 17:04:10,202 INFO o.a.j.p.h.s.h.LazyLayeredConnectionSocketFactory: Setting up HTTPS TrustAll Socket Factory
2018-09-25 17:04:10,207 INFO o.a.j.u.JsseSSLManager: Using default SSL protocol: TLS
2018-09-25 17:04:10,207 INFO o.a.j.u.JsseSSLManager: SSL session context: per-thread
2018-09-25 17:04:10,281 INFO o.a.j.t.JMeterThread: Thread started: Thread Group 1-2
2018-09-25 17:04:10,349 INFO o.a.j.u.SSLManager: JmeterKeyStore Location:  type JKS
2018-09-25 17:04:10,353 INFO o.a.j.u.SSLManager: KeyStore created OK
2018-09-25 17:04:10,353 WARN o.a.j.u.SSLManager: Keystore file not found, loading empty keystore
2018-09-25 17:04:10,482 INFO o.a.j.t.JMeterThread: Thread started: Thread Group 1-3
2018-09-25 17:04:10,654 INFO o.a.j.t.JMeterThread: Thread is done: Thread Group 1-2
2018-09-25 17:04:10,654 INFO o.a.j.t.JMeterThread: Thread is done: Thread Group 1-1
2018-09-25 17:04:10,654 INFO o.a.j.t.JMeterThread: Thread finished: Thread Group 1-2
2018-09-25 17:04:10,654 INFO o.a.j.t.JMeterThread: Thread finished: Thread Group 1-1
2018-09-25 17:04:10,662 INFO o.a.j.t.JMeterThread: Thread is done: Thread Group 1-3
2018-09-25 17:04:10,662 INFO o.a.j.t.JMeterThread: Thread finished: Thread Group 1-3
2018-09-25 17:04:10,688 INFO o.a.j.t.JMeterThread: Thread started: Thread Group 1-4
2018-09-25 17:04:10,871 INFO o.a.j.t.JMeterThread: Thread is done: Thread Group 1-4
2018-09-25 17:04:10,871 INFO o.a.j.t.JMeterThread: Thread finished: Thread Group 1-4
2018-09-25 17:04:10,890 INFO o.a.j.t.JMeterThread: Thread started: Thread Group 1-5
2018-09-25 17:04:11,068 INFO o.a.j.t.JMeterThread: Thread is done: Thread Group 1-5
2018-09-25 17:04:11,069 INFO o.a.j.t.JMeterThread: Thread finished: Thread Group 1-5
2018-09-25 17:04:11,090 INFO o.a.j.t.JMeterThread: Thread started: Thread Group 1-6
2018-09-25 17:04:11,260 INFO o.a.j.t.JMeterThread: Thread is done: Thread Group 1-6
2018-09-25 17:04:11,261 INFO o.a.j.t.JMeterThread: Thread finished: Thread Group 1-6
2018-09-25 17:04:11,290 INFO o.a.j.t.JMeterThread: Thread started: Thread Group 1-7
2018-09-25 17:04:11,473 INFO o.a.j.t.JMeterThread: Thread is done: Thread Group 1-7
2018-09-25 17:04:11,473 INFO o.a.j.t.JMeterThread: Thread finished: Thread Group 1-7
2018-09-25 17:04:11,490 INFO o.a.j.t.JMeterThread: Thread started: Thread Group 1-8
2018-09-25 17:04:11,664 INFO o.a.j.t.JMeterThread: Thread is done: Thread Group 1-8
2018-09-25 17:04:11,664 INFO o.a.j.t.JMeterThread: Thread finished: Thread Group 1-8
2018-09-25 17:04:11,690 INFO o.a.j.t.JMeterThread: Thread started: Thread Group 1-9
2018-09-25 17:04:11,871 INFO o.a.j.t.JMeterThread: Thread is done: Thread Group 1-9
2018-09-25 17:04:11,871 INFO o.a.j.t.JMeterThread: Thread finished: Thread Group 1-9
2018-09-25 17:04:11,891 INFO o.a.j.t.JMeterThread: Thread started: Thread Group 1-10
2018-09-25 17:04:12,071 INFO o.a.j.t.JMeterThread: Thread is done: Thread Group 1-10
2018-09-25 17:04:12,072 INFO o.a.j.t.JMeterThread: Thread finished: Thread Group 1-10
2018-09-25 17:04:12,091 INFO o.a.j.t.JMeterThread: Thread started: Thread Group 1-11
2018-09-25 17:04:12,272 INFO o.a.j.t.JMeterThread: Thread is done: Thread Group 1-11
2018-09-25 17:04:12,272 INFO o.a.j.t.JMeterThread: Thread finished: Thread Group 1-11
2018-09-25 17:04:12,291 INFO o.a.j.t.JMeterThread: Thread started: Thread Group 1-12
2018-09-25 17:04:12,480 INFO o.a.j.t.JMeterThread: Thread is done: Thread Group 1-12
2018-09-25 17:04:12,480 INFO o.a.j.t.JMeterThread: Thread finished: Thread Group 1-12
2018-09-25 17:04:12,490 INFO o.a.j.t.JMeterThread: Thread started: Thread Group 1-13
2018-09-25 17:04:12,677 INFO o.a.j.t.JMeterThread: Thread is done: Thread Group 1-13
2018-09-25 17:04:12,678 INFO o.a.j.t.JMeterThread: Thread finished: Thread Group 1-13
2018-09-25 17:04:12,697 INFO o.a.j.t.JMeterThread: Thread started: Thread Group 1-14
2018-09-25 17:04:12,878 INFO o.a.j.t.JMeterThread: Thread is done: Thread Group 1-14
2018-09-25 17:04:12,878 INFO o.a.j.t.JMeterThread: Thread finished: Thread Group 1-14
2018-09-25 17:04:12,894 INFO o.a.j.t.JMeterThread: Thread started: Thread Group 1-15
2018-09-25 17:04:13,094 INFO o.a.j.t.JMeterThread: Thread started: Thread Group 1-16
2018-09-25 17:04:13,096 INFO o.a.j.t.JMeterThread: Thread is done: Thread Group 1-15
2018-09-25 17:04:13,096 INFO o.a.j.t.JMeterThread: Thread finished: Thread Group 1-15
2018-09-25 17:04:13,276 INFO o.a.j.t.JMeterThread: Thread is done: Thread Group 1-16
2018-09-25 17:04:13,276 INFO o.a.j.t.JMeterThread: Thread finished: Thread Group 1-16
2018-09-25 17:04:13,298 INFO o.a.j.t.JMeterThread: Thread started: Thread Group 1-17
2018-09-25 17:04:13,477 INFO o.a.j.t.JMeterThread: Thread is done: Thread Group 1-17
2018-09-25 17:04:13,477 INFO o.a.j.t.JMeterThread: Thread finished: Thread Group 1-17
2018-09-25 17:04:13,500 INFO o.a.j.t.JMeterThread: Thread started: Thread Group 1-18
2018-09-25 17:04:13,674 INFO o.a.j.t.JMeterThread: Thread is done: Thread Group 1-18
2018-09-25 17:04:13,675 INFO o.a.j.t.JMeterThread: Thread finished: Thread Group 1-18
2018-09-25 17:04:13,700 INFO o.a.j.t.JMeterThread: Thread started: Thread Group 1-19
2018-09-25 17:04:13,873 INFO o.a.j.t.JMeterThread: Thread is done: Thread Group 1-19
2018-09-25 17:04:13,873 INFO o.a.j.t.JMeterThread: Thread finished: Thread Group 1-19
2018-09-25 17:04:13,897 INFO o.a.j.t.JMeterThread: Thread started: Thread Group 1-20
2018-09-25 17:04:14,066 INFO o.a.j.t.JMeterThread: Thread is done: Thread Group 1-20
2018-09-25 17:04:14,066 INFO o.a.j.t.JMeterThread: Thread finished: Thread Group 1-20
2018-09-25 17:04:14,101 INFO o.a.j.t.JMeterThread: Thread started: Thread Group 1-21
2018-09-25 17:04:14,282 INFO o.a.j.t.JMeterThread: Thread is done: Thread Group 1-21
2018-09-25 17:04:14,283 INFO o.a.j.t.JMeterThread: Thread finished: Thread Group 1-21
2018-09-25 17:04:14,301 INFO o.a.j.t.JMeterThread: Thread started: Thread Group 1-22
2018-09-25 17:04:14,502 INFO o.a.j.t.JMeterThread: Thread started: Thread Group 1-23
2018-09-25 17:04:14,523 INFO o.a.j.t.JMeterThread: Thread is done: Thread Group 1-22
2018-09-25 17:04:14,523 INFO o.a.j.t.JMeterThread: Thread finished: Thread Group 1-22
2018-09-25 17:04:14,702 INFO o.a.j.t.JMeterThread: Thread started: Thread Group 1-24
2018-09-25 17:04:14,716 INFO o.a.j.t.JMeterThread: Thread is done: Thread Group 1-23
2018-09-25 17:04:14,716 INFO o.a.j.t.JMeterThread: Thread finished: Thread Group 1-23
2018-09-25 17:04:14,882 INFO o.a.j.t.JMeterThread: Thread is done: Thread Group 1-24
2018-09-25 17:04:14,882 INFO o.a.j.t.JMeterThread: Thread finished: Thread Group 1-24
2018-09-25 17:04:14,899 INFO o.a.j.t.JMeterThread: Thread started: Thread Group 1-25
2018-09-25 17:04:15,100 INFO o.a.j.t.JMeterThread: Thread started: Thread Group 1-26
2018-09-25 17:04:15,124 INFO o.a.j.t.JMeterThread: Thread is done: Thread Group 1-25
2018-09-25 17:04:15,124 INFO o.a.j.t.JMeterThread: Thread finished: Thread Group 1-25
2018-09-25 17:04:15,301 INFO o.a.j.t.JMeterThread: Thread started: Thread Group 1-27
2018-09-25 17:04:15,303 INFO o.a.j.t.JMeterThread: Thread is done: Thread Group 1-26
2018-09-25 17:04:15,303 INFO o.a.j.t.JMeterThread: Thread finished: Thread Group 1-26
2018-09-25 17:04:15,482 INFO o.a.j.t.JMeterThread: Thread is done: Thread Group 1-27
2018-09-25 17:04:15,482 INFO o.a.j.t.JMeterThread: Thread finished: Thread Group 1-27
2018-09-25 17:04:15,504 INFO o.a.j.t.JMeterThread: Thread started: Thread Group 1-28
2018-09-25 17:04:15,690 INFO o.a.j.t.JMeterThread: Thread is done: Thread Group 1-28
2018-09-25 17:04:15,690 INFO o.a.j.t.JMeterThread: Thread finished: Thread Group 1-28
2018-09-25 17:04:15,704 INFO o.a.j.t.JMeterThread: Thread started: Thread Group 1-29
2018-09-25 17:04:15,878 INFO o.a.j.t.JMeterThread: Thread is done: Thread Group 1-29
2018-09-25 17:04:15,878 INFO o.a.j.t.JMeterThread: Thread finished: Thread Group 1-29
2018-09-25 17:04:15,903 INFO o.a.j.t.JMeterThread: Thread started: Thread Group 1-30
2018-09-25 17:04:16,086 INFO o.a.j.t.JMeterThread: Thread is done: Thread Group 1-30
2018-09-25 17:04:16,087 INFO o.a.j.t.JMeterThread: Thread finished: Thread Group 1-30
2018-09-25 17:04:16,105 INFO o.a.j.t.JMeterThread: Thread started: Thread Group 1-31
2018-09-25 17:04:16,275 INFO o.a.j.t.JMeterThread: Thread is done: Thread Group 1-31
2018-09-25 17:04:16,275 INFO o.a.j.t.JMeterThread: Thread finished: Thread Group 1-31
2018-09-25 17:04:16,304 INFO o.a.j.t.JMeterThread: Thread started: Thread Group 1-32
2018-09-25 17:04:16,501 INFO o.a.j.t.JMeterThread: Thread started: Thread Group 1-33
2018-09-25 17:04:16,502 INFO o.a.j.t.JMeterThread: Thread is done: Thread Group 1-32
2018-09-25 17:04:16,502 INFO o.a.j.t.JMeterThread: Thread finished: Thread Group 1-32
2018-09-25 17:04:16,703 INFO o.a.j.t.JMeterThread: Thread started: Thread Group 1-34
2018-09-25 17:04:16,705 INFO o.a.j.t.JMeterThread: Thread is done: Thread Group 1-33
2018-09-25 17:04:16,705 INFO o.a.j.t.JMeterThread: Thread finished: Thread Group 1-33
2018-09-25 17:04:16,866 INFO o.a.j.t.JMeterThread: Thread is done: Thread Group 1-34
2018-09-25 17:04:16,867 INFO o.a.j.t.JMeterThread: Thread finished: Thread Group 1-34
2018-09-25 17:04:16,901 INFO o.a.j.t.JMeterThread: Thread started: Thread Group 1-35
2018-09-25 17:04:17,080 INFO o.a.j.t.JMeterThread: Thread is done: Thread Group 1-35
2018-09-25 17:04:17,081 INFO o.a.j.t.JMeterThread: Thread finished: Thread Group 1-35
2018-09-25 17:04:17,104 INFO o.a.j.t.JMeterThread: Thread started: Thread Group 1-36
2018-09-25 17:04:17,276 INFO o.a.j.t.JMeterThread: Thread is done: Thread Group 1-36
2018-09-25 17:04:17,276 INFO o.a.j.t.JMeterThread: Thread finished: Thread Group 1-36
2018-09-25 17:04:17,307 INFO o.a.j.t.JMeterThread: Thread started: Thread Group 1-37
2018-09-25 17:04:17,478 INFO o.a.j.t.JMeterThread: Thread is done: Thread Group 1-37
2018-09-25 17:04:17,478 INFO o.a.j.t.JMeterThread: Thread finished: Thread Group 1-37
2018-09-25 17:04:17,508 INFO o.a.j.t.JMeterThread: Thread started: Thread Group 1-38
2018-09-25 17:04:17,699 INFO o.a.j.t.JMeterThread: Thread is done: Thread Group 1-38
2018-09-25 17:04:17,699 INFO o.a.j.t.JMeterThread: Thread finished: Thread Group 1-38
2018-09-25 17:04:17,705 INFO o.a.j.t.JMeterThread: Thread started: Thread Group 1-39
2018-09-25 17:04:17,874 INFO o.a.j.t.JMeterThread: Thread is done: Thread Group 1-39
2018-09-25 17:04:17,875 INFO o.a.j.t.JMeterThread: Thread finished: Thread Group 1-39
2018-09-25 17:04:17,907 INFO o.a.j.t.JMeterThread: Thread started: Thread Group 1-40
2018-09-25 17:04:18,092 INFO o.a.j.t.JMeterThread: Thread is done: Thread Group 1-40
2018-09-25 17:04:18,092 INFO o.a.j.t.JMeterThread: Thread finished: Thread Group 1-40
2018-09-25 17:04:18,108 INFO o.a.j.t.JMeterThread: Thread started: Thread Group 1-41
2018-09-25 17:04:18,306 INFO o.a.j.t.JMeterThread: Thread is done: Thread Group 1-41
2018-09-25 17:04:18,306 INFO o.a.j.t.JMeterThread: Thread finished: Thread Group 1-41
2018-09-25 17:04:18,310 INFO o.a.j.t.JMeterThread: Thread started: Thread Group 1-42
2018-09-25 17:04:18,501 INFO o.a.j.t.JMeterThread: Thread is done: Thread Group 1-42
2018-09-25 17:04:18,501 INFO o.a.j.t.JMeterThread: Thread finished: Thread Group 1-42
2018-09-25 17:04:18,508 INFO o.a.j.t.JMeterThread: Thread started: Thread Group 1-43
2018-09-25 17:04:18,682 INFO o.a.j.t.JMeterThread: Thread is done: Thread Group 1-43
2018-09-25 17:04:18,682 INFO o.a.j.t.JMeterThread: Thread finished: Thread Group 1-43
2018-09-25 17:04:18,708 INFO o.a.j.t.JMeterThread: Thread started: Thread Group 1-44
2018-09-25 17:04:18,886 INFO o.a.j.t.JMeterThread: Thread is done: Thread Group 1-44
2018-09-25 17:04:18,886 INFO o.a.j.t.JMeterThread: Thread finished: Thread Group 1-44
2018-09-25 17:04:18,908 INFO o.a.j.t.JMeterThread: Thread started: Thread Group 1-45
2018-09-25 17:04:19,074 INFO o.a.j.t.JMeterThread: Thread is done: Thread Group 1-45
2018-09-25 17:04:19,075 INFO o.a.j.t.JMeterThread: Thread finished: Thread Group 1-45
2018-09-25 17:04:19,111 INFO o.a.j.t.JMeterThread: Thread started: Thread Group 1-46
2018-09-25 17:04:19,282 INFO o.a.j.t.JMeterThread: Thread is done: Thread Group 1-46
2018-09-25 17:04:19,283 INFO o.a.j.t.JMeterThread: Thread finished: Thread Group 1-46
2018-09-25 17:04:19,308 INFO o.a.j.t.JMeterThread: Thread started: Thread Group 1-47
2018-09-25 17:04:19,501 INFO o.a.j.t.JMeterThread: Thread is done: Thread Group 1-47
2018-09-25 17:04:19,501 INFO o.a.j.t.JMeterThread: Thread finished: Thread Group 1-47
2018-09-25 17:04:19,508 INFO o.a.j.t.JMeterThread: Thread started: Thread Group 1-48
2018-09-25 17:04:19,671 INFO o.a.j.t.JMeterThread: Thread is done: Thread Group 1-48
2018-09-25 17:04:19,671 INFO o.a.j.t.JMeterThread: Thread finished: Thread Group 1-48
2018-09-25 17:04:19,708 INFO o.a.j.t.JMeterThread: Thread started: Thread Group 1-49
2018-09-25 17:04:19,879 INFO o.a.j.t.JMeterThread: Thread is done: Thread Group 1-49
2018-09-25 17:04:19,879 INFO o.a.j.t.JMeterThread: Thread finished: Thread Group 1-49
2018-09-25 17:04:19,908 INFO o.a.j.t.JMeterThread: Thread started: Thread Group 1-50
2018-09-25 17:04:20,097 INFO o.a.j.t.JMeterThread: Thread is done: Thread Group 1-50
2018-09-25 17:04:20,097 INFO o.a.j.t.JMeterThread: Thread finished: Thread Group 1-50
2018-09-25 17:04:20,098 INFO o.a.j.e.StandardJMeterEngine: Notifying test listeners of end of test
2018-09-25 17:04:20,099 INFO o.a.j.g.u.JMeterMenuBar: setRunning(false, *local*)
